0 info it worked if it ends with ok
1 verbose cli [ '/Users/LeonardoAlmeida/n/n/versions/node/6.3.0/bin/node',
1 verbose cli   '/usr/local/bin/npm',
1 verbose cli   'start' ]
2 info using npm@3.10.3
3 info using node@v6.3.0
4 verbose run-script [ 'prestart', 'start', 'poststart' ]
5 info lifecycle smart-sensing-alerts@0.1.0-rc.4~prestart: smart-sensing-alerts@0.1.0-rc.4
6 silly lifecycle smart-sensing-alerts@0.1.0-rc.4~prestart: no script for prestart, continuing
7 info lifecycle smart-sensing-alerts@0.1.0-rc.4~start: smart-sensing-alerts@0.1.0-rc.4
8 verbose lifecycle smart-sensing-alerts@0.1.0-rc.4~start: unsafe-perm in lifecycle true
9 verbose lifecycle smart-sensing-alerts@0.1.0-rc.4~start: PATH: /Users/LeonardoAlmeida/n/n/versions/node/6.3.0/lib/node_modules/npm/bin/node-gyp-bin:/Users/LeonardoAlmeida/WebstormProjects/smartsensingalerts/node_modules/.bin:/Users/LeonardoAlmeida/n/n/versions/node/6.3.0/bin:/usr/local/bin:/usr/bin:/bin:/usr/sbin:/sbin:/Users/LeonardoAlmeida/bin:~/Library/Android/sdk/tools:~/Library/Android/sdk/platform-tools:/opt/X11/bin:/Library/TeX/texbin:/Users/LeonardoAlmeida/n/bin
10 verbose lifecycle smart-sensing-alerts@0.1.0-rc.4~start: CWD: /Users/LeonardoAlmeida/WebstormProjects/smartsensingalerts
11 silly lifecycle smart-sensing-alerts@0.1.0-rc.4~start: Args: [ '-c', 'gulp --env production' ]
12 silly lifecycle smart-sensing-alerts@0.1.0-rc.4~start: Returned: code: 1  signal: null
13 info lifecycle smart-sensing-alerts@0.1.0-rc.4~start: Failed to exec start script
14 verbose stack Error: smart-sensing-alerts@0.1.0-rc.4 start: `gulp --env production`
14 verbose stack Exit status 1
14 verbose stack     at EventEmitter.<anonymous> (/Users/LeonardoAlmeida/n/n/versions/node/6.3.0/lib/node_modules/npm/lib/utils/lifecycle.js:242:16)
14 verbose stack     at emitTwo (events.js:106:13)
14 verbose stack     at EventEmitter.emit (events.js:191:7)
14 verbose stack     at ChildProcess.<anonymous> (/Users/LeonardoAlmeida/n/n/versions/node/6.3.0/lib/node_modules/npm/lib/utils/spawn.js:40:14)
14 verbose stack     at emitTwo (events.js:106:13)
14 verbose stack     at ChildProcess.emit (events.js:191:7)
14 verbose stack     at maybeClose (internal/child_process.js:852:16)
14 verbose stack     at Process.ChildProcess._handle.onexit (internal/child_process.js:215:5)
15 verbose pkgid smart-sensing-alerts@0.1.0-rc.4
16 verbose cwd /Users/LeonardoAlmeida/WebstormProjects/smartsensingalerts
17 error Darwin 15.6.0
18 error argv "/Users/LeonardoAlmeida/n/n/versions/node/6.3.0/bin/node" "/usr/local/bin/npm" "start"
19 error node v6.3.0
20 error npm  v3.10.3
21 error code ELIFECYCLE
22 error smart-sensing-alerts@0.1.0-rc.4 start: `gulp --env production`
22 error Exit status 1
23 error Failed at the smart-sensing-alerts@0.1.0-rc.4 start script 'gulp --env production'.
23 error Make sure you have the latest version of node.js and npm installed.
23 error If you do, this is most likely a problem with the smart-sensing-alerts package,
23 error not with npm itself.
23 error Tell the author that this fails on your system:
23 error     gulp --env production
23 error You can get information on how to open an issue for this project with:
23 error     npm bugs smart-sensing-alerts
23 error Or if that isn't available, you can get their info via:
23 error     npm owner ls smart-sensing-alerts
23 error There is likely additional logging output above.
24 verbose exit [ 1, true ]
